<?xml version="1.0" encoding="UTF-8"?>
<testng-results skipped="0" failed="0" total="1" passed="1">
  <reporter-output>
  </reporter-output>
  <suite name="Suite" duration-ms="32012" started-at="2019-02-27T03:42:38Z" finished-at="2019-02-27T03:43:10Z">
    <groups>
    </groups>
    <test name="Testsuite" duration-ms="32012" started-at="2019-02-27T03:42:38Z" finished-at="2019-02-27T03:43:10Z">
      <class name="testPackage.NewTest">
        <test-method status="PASS" signature="beforeClass()[pri:0, instance:testPackage.NewTest@66d33a]" name="beforeClass" is-config="true" duration-ms="19202" started-at="2019-02-27T09:12:38Z" finished-at="2019-02-27T09:12:57Z">
          <reporter-output>
          </reporter-output>
        </test-method> <!-- beforeClass -->
        <test-method status="PASS" signature="extentReporter()[pri:0, instance:testPackage.NewTest@66d33a]" name="extentReporter" is-config="true" duration-ms="2094" started-at="2019-02-27T09:12:57Z" finished-at="2019-02-27T09:12:59Z">
          <reporter-output>
          </reporter-output>
        </test-method> <!-- extentReporter -->
        <test-method status="PASS" signature="test1()[pri:0, instance:testPackage.NewTest@66d33a]" name="test1" duration-ms="9228" started-at="2019-02-27T09:12:59Z" finished-at="2019-02-27T09:13:08Z">
          <reporter-output>
          </reporter-output>
        </test-method> <!-- test1 -->
        <test-method status="PASS" signature="closeExtentReport()[pri:0, instance:testPackage.NewTest@66d33a]" name="closeExtentReport" is-config="true" duration-ms="1468" started-at="2019-02-27T09:13:08Z" finished-at="2019-02-27T09:13:10Z">
          <reporter-output>
          </reporter-output>
        </test-method> <!-- closeExtentReport -->
        <test-method status="PASS" signature="afterClass()[pri:0, instance:testPackage.NewTest@66d33a]" name="afterClass" is-config="true" duration-ms="0" started-at="2019-02-27T09:13:08Z" finished-at="2019-02-27T09:13:08Z">
          <reporter-output>
          </reporter-output>
        </test-method> <!-- afterClass -->
      </class> <!-- testPackage.NewTest -->
    </test> <!-- Testsuite -->
  </suite> <!-- Suite -->
</testng-results>
